<?xml version="1.0" encoding="UTF-8"?>
<!-- Generated by org.testng.reporters.JUnitReportReporter -->
<testsuite hostname="QB-IPL-2298" failures="0" tests="2" name="NYU_SOM_Automation.SOM.faculty_search" time="20.571" errors="0" timestamp="2022-07-19T15:03:29 IST" skipped="1">
  <testcase classname="NYU_SOM_Automation.SOM.faculty_search" name="filterfacultysearch" time="20.571"/>
  <system-out/>
  <testcase classname="NYU_SOM_Automation.SOM.faculty_search" name="loadfacultysearch">
    <skipped/>
  </testcase> <!-- loadfacultysearch -->
  <system-out/>
</testsuite> <!-- NYU_SOM_Automation.SOM.faculty_search -->
